<?xml version="1.0" encoding="UTF-8"?>
<!-- Generated by org.testng.reporters.JUnitReportReporter -->
<testsuite hostname="DESKTOP-HGOMU4C" failures="0" tests="3" name="com.sportsocial.Testing2" time="4.973" errors="0" timestamp="2022-12-16T12:54:26 IST" skipped="0">
  <testcase classname="com.sportsocial.Testing2" name="test2" time="1.357"/>
  <testcase classname="com.sportsocial.Testing2" name="test3" time="2.464"/>
  <testcase classname="com.sportsocial.Testing2" name="test1" time="1.152"/>
</testsuite> <!-- com.sportsocial.Testing2 -->
