<?xml version="1.0" encoding="UTF-8"?>
<!-- Generated by org.testng.reporters.JUnitReportReporter -->
<testsuite hostname="DESKTOP-HGOMU4C" failures="0" tests="3" name="com.sportsocial.Testing1" time="4.977" errors="0" timestamp="2022-12-16T12:54:26 IST" skipped="0">
  <testcase classname="com.sportsocial.Testing1" name="test3" time="1.519"/>
  <testcase classname="com.sportsocial.Testing1" name="test1" time="1.980"/>
  <testcase classname="com.sportsocial.Testing1" name="test2" time="1.478"/>
</testsuite> <!-- com.sportsocial.Testing1 -->
