<?xml version="1.0" encoding="UTF-8"?>
<!-- Generated by org.testng.reporters.JUnitReportReporter -->
<testsuite hostname="DESKTOP-HGOMU4C" failures="0" tests="1" name="com.sportsocial.Homemodule.AddStatusTest" time="2.229" errors="0" timestamp="2022-12-19T12:11:12 IST" skipped="0">
  <testcase classname="com.sportsocial.Homemodule.AddStatusTest" name="addStatusWithPhoto" time="2.229"/>
</testsuite> <!-- com.sportsocial.Homemodule.AddStatusTest -->
