<?xml version="1.0" encoding="UTF-8"?>
<!-- Generated by org.testng.reporters.JUnitReportReporter -->
<testsuite hostname="DESKTOP-IUVOT87" failures="0" tests="2" name="testngPractice.Testngxml" time="0.048" errors="0" timestamp="2022-12-08T12:18:22 IST" skipped="0">
  <testcase classname="testngPractice.Testngxml" name="Test1" time="0.018"/>
  <testcase classname="testngPractice.Testngxml" name="Test2" time="0.030"/>
</testsuite> <!-- testngPractice.Testngxml -->
