<?xml version="1.0" encoding="UTF-8"?>
<!-- Generated by org.testng.reporters.JUnitReportReporter -->
<testsuite hostname="DESKTOP-IUVOT87" failures="0" tests="2" name="com.sportsocial.Homemodule.UpdatestatusTestcase_2" time="6.748" errors="0" timestamp="2022-12-08T13:53:29 IST" skipped="0">
  <testcase classname="com.sportsocial.Homemodule.UpdatestatusTestcase_2" name="Updatestatus" time="4.558"/>
  <testcase classname="com.sportsocial.Homemodule.UpdatestatusTestcase_2" name="Verifythestatus" time="2.190"/>
</testsuite> <!-- com.sportsocial.Homemodule.UpdatestatusTestcase_2 -->
