<?xml version="1.0" encoding="UTF-8"?>
<!-- Generated by org.testng.reporters.JUnitReportReporter -->
<testsuite hostname="DESKTOP-IUVOT87" failures="0" tests="1" name="testngPractice.Testngpractice1" time="0.032" errors="0" timestamp="2022-12-08T12:18:22 IST" skipped="0">
  <testcase classname="testngPractice.Testngpractice1" name="Test1" time="0.032"/>
</testsuite> <!-- testngPractice.Testngpractice1 -->
