<?xml version="1.0" encoding="UTF-8"?>
<!-- Generated by org.testng.reporters.JUnitReportReporter -->
<testsuite hostname="DESKTOP-IUVOT87" failures="0" tests="1" name="com.sportsocial.adminModule.ChangeprofilePhotoTestcase1" time="7.690" errors="0" timestamp="2022-12-08T12:36:44 IST" skipped="0">
  <testcase classname="com.sportsocial.adminModule.ChangeprofilePhotoTestcase1" name="changeprofilephoto" time="7.690"/>
</testsuite> <!-- com.sportsocial.adminModule.ChangeprofilePhotoTestcase1 -->
