<?xml version="1.0" encoding="UTF-8"?>
<!-- Generated by org.testng.reporters.JUnitReportReporter -->
<testsuite hostname="DESKTOP-IUVOT87" failures="0" tests="1" name="com.sportsocial.Homemodule.UpdatestatuscommentTestcase_1" time="8.940" errors="0" timestamp="2022-12-08T13:53:01 IST" skipped="0">
  <testcase classname="com.sportsocial.Homemodule.UpdatestatuscommentTestcase_1" name="UpadteandCommentStatus" time="8.940"/>
</testsuite> <!-- com.sportsocial.Homemodule.UpdatestatuscommentTestcase_1 -->
