<?xml version="1.0" encoding="UTF-8"?>
<!-- Generated by org.testng.reporters.JUnitReportReporter -->
<testsuite hostname="DESKTOP-HGOMU4C" failures="0" tests="1" name="com.sportsocial.Homemodule.AddStatusTest" time="0.947" errors="0" timestamp="2022-12-16T16:40:06 IST" skipped="0">
  <testcase classname="com.sportsocial.Homemodule.AddStatusTest" name="addStatusWithPhoto" time="0.947"/>
</testsuite> <!-- com.sportsocial.Homemodule.AddStatusTest -->
